<?xml version="1.0" encoding="UTF-8"?>
<trace:TraceModel xmi:version="2.0" xmlns:xmi="http://www.omg.org/XMI" xmlns:trace="http://www.eclipse.org/gmf/2006/Trace">
  <nodeTraces visualID="2001" queryText="(let _eClass_:ecore::EClass = modelFacet.metaClass.ecoreClass in _eClass_.ePackage.nsURI = 'Academia' and _eClass_.name = 'AApplication') and (let _containmentMF_:ecore::EStructuralFeature = modelFacet.containmentMetaFeature.ecoreFeature in (let _eClass_:ecore::EClass = _containmentMF_.eContainingClass in _eClass_.ePackage.nsURI = 'Academia' and _eClass_.name = 'APackage') and _containmentMF_.name = 'aClassifiers')">
    <nodeLabelTraces visualID="5001" queryText="true"/>
  </nodeTraces>
  <nodeTraces visualID="2002" queryText="(let _eClass_:ecore::EClass = modelFacet.metaClass.ecoreClass in _eClass_.ePackage.nsURI = 'Academia' and _eClass_.name = 'Matricula') and (let _containmentMF_:ecore::EStructuralFeature = modelFacet.containmentMetaFeature.ecoreFeature in (let _eClass_:ecore::EClass = _containmentMF_.eContainingClass in _eClass_.ePackage.nsURI = 'Academia' and _eClass_.name = 'APackage') and _containmentMF_.name = 'aClassifiers')">
    <nodeLabelTraces visualID="5005" queryText="true"/>
    <nodeLabelTraces visualID="5006" queryText="true"/>
    <compartmentTraces visualID="7001" queryText="true"/>
    <compartmentTraces visualID="7002" queryText="true"/>
  </nodeTraces>
  <nodeTraces visualID="2003" queryText="(let _eClass_:ecore::EClass = modelFacet.metaClass.ecoreClass in _eClass_.ePackage.nsURI = 'Academia' and _eClass_.name = 'Aluno') and (let _containmentMF_:ecore::EStructuralFeature = modelFacet.containmentMetaFeature.ecoreFeature in (let _eClass_:ecore::EClass = _containmentMF_.eContainingClass in _eClass_.ePackage.nsURI = 'Academia' and _eClass_.name = 'APackage') and _containmentMF_.name = 'aClassifiers')">
    <nodeLabelTraces visualID="5010" queryText="true"/>
    <nodeLabelTraces visualID="5011" queryText="true"/>
    <compartmentTraces visualID="7003" queryText="true"/>
    <compartmentTraces visualID="7004" queryText="true"/>
  </nodeTraces>
  <nodeTraces visualID="2004" queryText="(let _eClass_:ecore::EClass = modelFacet.metaClass.ecoreClass in _eClass_.ePackage.nsURI = 'Academia' and _eClass_.name = 'Curso') and (let _containmentMF_:ecore::EStructuralFeature = modelFacet.containmentMetaFeature.ecoreFeature in (let _eClass_:ecore::EClass = _containmentMF_.eContainingClass in _eClass_.ePackage.nsURI = 'Academia' and _eClass_.name = 'APackage') and _containmentMF_.name = 'aClassifiers')">
    <nodeLabelTraces visualID="5015" queryText="true"/>
    <nodeLabelTraces visualID="5016" queryText="true"/>
    <compartmentTraces visualID="7005" queryText="true"/>
    <compartmentTraces visualID="7006" queryText="true"/>
  </nodeTraces>
  <nodeTraces visualID="2005" queryText="(let _eClass_:ecore::EClass = modelFacet.metaClass.ecoreClass in _eClass_.ePackage.nsURI = 'Academia' and _eClass_.name = 'Departamento') and (let _containmentMF_:ecore::EStructuralFeature = modelFacet.containmentMetaFeature.ecoreFeature in (let _eClass_:ecore::EClass = _containmentMF_.eContainingClass in _eClass_.ePackage.nsURI = 'Academia' and _eClass_.name = 'APackage') and _containmentMF_.name = 'aClassifiers')">
    <nodeLabelTraces visualID="5020" queryText="true"/>
    <nodeLabelTraces visualID="5021" queryText="true"/>
    <compartmentTraces visualID="7007" queryText="true"/>
    <compartmentTraces visualID="7008" queryText="true"/>
  </nodeTraces>
  <nodeTraces visualID="2006" queryText="(let _eClass_:ecore::EClass = modelFacet.metaClass.ecoreClass in _eClass_.ePackage.nsURI = 'Academia' and _eClass_.name = 'Campus') and (let _containmentMF_:ecore::EStructuralFeature = modelFacet.containmentMetaFeature.ecoreFeature in (let _eClass_:ecore::EClass = _containmentMF_.eContainingClass in _eClass_.ePackage.nsURI = 'Academia' and _eClass_.name = 'APackage') and _containmentMF_.name = 'aClassifiers')">
    <nodeLabelTraces visualID="5025" queryText="true"/>
    <nodeLabelTraces visualID="5026" queryText="true"/>
    <compartmentTraces visualID="7009" queryText="true"/>
    <compartmentTraces visualID="7010" queryText="true"/>
  </nodeTraces>
  <nodeTraces visualID="2007" queryText="(let _eClass_:ecore::EClass = modelFacet.metaClass.ecoreClass in _eClass_.ePackage.nsURI = 'Academia' and _eClass_.name = 'DisciplinaSemestre') and (let _containmentMF_:ecore::EStructuralFeature = modelFacet.containmentMetaFeature.ecoreFeature in (let _eClass_:ecore::EClass = _containmentMF_.eContainingClass in _eClass_.ePackage.nsURI = 'Academia' and _eClass_.name = 'APackage') and _containmentMF_.name = 'aClassifiers')">
    <nodeLabelTraces visualID="5030" queryText="true"/>
    <nodeLabelTraces visualID="5031" queryText="true"/>
    <compartmentTraces visualID="7011" queryText="true"/>
    <compartmentTraces visualID="7012" queryText="true"/>
  </nodeTraces>
  <nodeTraces visualID="2008" queryText="(let _eClass_:ecore::EClass = modelFacet.metaClass.ecoreClass in _eClass_.ePackage.nsURI = 'Academia' and _eClass_.name = 'DisciplinaPaga') and (let _containmentMF_:ecore::EStructuralFeature = modelFacet.containmentMetaFeature.ecoreFeature in (let _eClass_:ecore::EClass = _containmentMF_.eContainingClass in _eClass_.ePackage.nsURI = 'Academia' and _eClass_.name = 'APackage') and _containmentMF_.name = 'aClassifiers')">
    <nodeLabelTraces visualID="5035" queryText="true"/>
    <nodeLabelTraces visualID="5036" queryText="true"/>
    <compartmentTraces visualID="7013" queryText="true"/>
    <compartmentTraces visualID="7014" queryText="true"/>
  </nodeTraces>
  <nodeTraces visualID="2009" queryText="(let _eClass_:ecore::EClass = modelFacet.metaClass.ecoreClass in _eClass_.ePackage.nsURI = 'Academia' and _eClass_.name = 'DisciplinaGratis') and (let _containmentMF_:ecore::EStructuralFeature = modelFacet.containmentMetaFeature.ecoreFeature in (let _eClass_:ecore::EClass = _containmentMF_.eContainingClass in _eClass_.ePackage.nsURI = 'Academia' and _eClass_.name = 'APackage') and _containmentMF_.name = 'aClassifiers')">
    <nodeLabelTraces visualID="5040" queryText="true"/>
    <nodeLabelTraces visualID="5041" queryText="true"/>
    <compartmentTraces visualID="7015" queryText="true"/>
    <compartmentTraces visualID="7016" queryText="true"/>
  </nodeTraces>
  <childNodeTraces visualID="3001" queryText="(let _eClass_:ecore::EClass = modelFacet.metaClass.ecoreClass in _eClass_.ePackage.nsURI = 'Academia' and _eClass_.name = 'AAttribute') and (let _containmentMF_:ecore::EStructuralFeature = modelFacet.containmentMetaFeature.ecoreFeature in (let _eClass_:ecore::EClass = _containmentMF_.eContainingClass in _eClass_.ePackage.nsURI = 'Academia' and _eClass_.name = 'AObject') and _containmentMF_.name = 'aAttributes')"/>
  <childNodeTraces visualID="3002" queryText="(let _eClass_:ecore::EClass = modelFacet.metaClass.ecoreClass in _eClass_.ePackage.nsURI = 'Academia' and _eClass_.name = 'AOperation') and (let _containmentMF_:ecore::EStructuralFeature = modelFacet.containmentMetaFeature.ecoreFeature in (let _eClass_:ecore::EClass = _containmentMF_.eContainingClass in _eClass_.ePackage.nsURI = 'Academia' and _eClass_.name = 'AObject') and _containmentMF_.name = 'aOperations')">
    <nodeLabelTraces visualID="5002" queryText="true"/>
    <nodeLabelTraces visualID="5003" queryText="true"/>
    <nodeLabelTraces visualID="5004" queryText="true"/>
  </childNodeTraces>
  <childNodeTraces visualID="3003" queryText="(let _eClass_:ecore::EClass = modelFacet.metaClass.ecoreClass in _eClass_.ePackage.nsURI = 'Academia' and _eClass_.name = 'AParameter') and (let _containmentMF_:ecore::EStructuralFeature = modelFacet.containmentMetaFeature.ecoreFeature in (let _eClass_:ecore::EClass = _containmentMF_.eContainingClass in _eClass_.ePackage.nsURI = 'Academia' and _eClass_.name = 'AOperation') and _containmentMF_.name = 'aParameters')"/>
  <childNodeTraces visualID="3004" queryText="(let _eClass_:ecore::EClass = modelFacet.metaClass.ecoreClass in _eClass_.ePackage.nsURI = 'Academia' and _eClass_.name = 'AAttribute') and (let _containmentMF_:ecore::EStructuralFeature = modelFacet.containmentMetaFeature.ecoreFeature in (let _eClass_:ecore::EClass = _containmentMF_.eContainingClass in _eClass_.ePackage.nsURI = 'Academia' and _eClass_.name = 'AObject') and _containmentMF_.name = 'aAttributes')"/>
  <childNodeTraces visualID="3005" queryText="(let _eClass_:ecore::EClass = modelFacet.metaClass.ecoreClass in _eClass_.ePackage.nsURI = 'Academia' and _eClass_.name = 'AOperation') and (let _containmentMF_:ecore::EStructuralFeature = modelFacet.containmentMetaFeature.ecoreFeature in (let _eClass_:ecore::EClass = _containmentMF_.eContainingClass in _eClass_.ePackage.nsURI = 'Academia' and _eClass_.name = 'AObject') and _containmentMF_.name = 'aOperations')">
    <nodeLabelTraces visualID="5007" queryText="true"/>
    <nodeLabelTraces visualID="5008" queryText="true"/>
    <nodeLabelTraces visualID="5009" queryText="true"/>
  </childNodeTraces>
  <childNodeTraces visualID="3006" queryText="(let _eClass_:ecore::EClass = modelFacet.metaClass.ecoreClass in _eClass_.ePackage.nsURI = 'Academia' and _eClass_.name = 'AParameter') and (let _containmentMF_:ecore::EStructuralFeature = modelFacet.containmentMetaFeature.ecoreFeature in (let _eClass_:ecore::EClass = _containmentMF_.eContainingClass in _eClass_.ePackage.nsURI = 'Academia' and _eClass_.name = 'AOperation') and _containmentMF_.name = 'aParameters')"/>
  <childNodeTraces visualID="3007" queryText="(let _eClass_:ecore::EClass = modelFacet.metaClass.ecoreClass in _eClass_.ePackage.nsURI = 'Academia' and _eClass_.name = 'AAttribute') and (let _containmentMF_:ecore::EStructuralFeature = modelFacet.containmentMetaFeature.ecoreFeature in (let _eClass_:ecore::EClass = _containmentMF_.eContainingClass in _eClass_.ePackage.nsURI = 'Academia' and _eClass_.name = 'AObject') and _containmentMF_.name = 'aAttributes')"/>
  <childNodeTraces visualID="3008" queryText="(let _eClass_:ecore::EClass = modelFacet.metaClass.ecoreClass in _eClass_.ePackage.nsURI = 'Academia' and _eClass_.name = 'AOperation') and (let _containmentMF_:ecore::EStructuralFeature = modelFacet.containmentMetaFeature.ecoreFeature in (let _eClass_:ecore::EClass = _containmentMF_.eContainingClass in _eClass_.ePackage.nsURI = 'Academia' and _eClass_.name = 'AObject') and _containmentMF_.name = 'aOperations')">
    <nodeLabelTraces visualID="5012" queryText="true"/>
    <nodeLabelTraces visualID="5013" queryText="true"/>
    <nodeLabelTraces visualID="5014" queryText="true"/>
  </childNodeTraces>
  <childNodeTraces visualID="3009" queryText="(let _eClass_:ecore::EClass = modelFacet.metaClass.ecoreClass in _eClass_.ePackage.nsURI = 'Academia' and _eClass_.name = 'AParameter') and (let _containmentMF_:ecore::EStructuralFeature = modelFacet.containmentMetaFeature.ecoreFeature in (let _eClass_:ecore::EClass = _containmentMF_.eContainingClass in _eClass_.ePackage.nsURI = 'Academia' and _eClass_.name = 'AOperation') and _containmentMF_.name = 'aParameters')"/>
  <childNodeTraces visualID="3010" queryText="(let _eClass_:ecore::EClass = modelFacet.metaClass.ecoreClass in _eClass_.ePackage.nsURI = 'Academia' and _eClass_.name = 'AAttribute') and (let _containmentMF_:ecore::EStructuralFeature = modelFacet.containmentMetaFeature.ecoreFeature in (let _eClass_:ecore::EClass = _containmentMF_.eContainingClass in _eClass_.ePackage.nsURI = 'Academia' and _eClass_.name = 'AObject') and _containmentMF_.name = 'aAttributes')"/>
  <childNodeTraces visualID="3011" queryText="(let _eClass_:ecore::EClass = modelFacet.metaClass.ecoreClass in _eClass_.ePackage.nsURI = 'Academia' and _eClass_.name = 'AOperation') and (let _containmentMF_:ecore::EStructuralFeature = modelFacet.containmentMetaFeature.ecoreFeature in (let _eClass_:ecore::EClass = _containmentMF_.eContainingClass in _eClass_.ePackage.nsURI = 'Academia' and _eClass_.name = 'AObject') and _containmentMF_.name = 'aOperations')">
    <nodeLabelTraces visualID="5017" queryText="true"/>
    <nodeLabelTraces visualID="5018" queryText="true"/>
    <nodeLabelTraces visualID="5019" queryText="true"/>
  </childNodeTraces>
  <childNodeTraces visualID="3012" queryText="(let _eClass_:ecore::EClass = modelFacet.metaClass.ecoreClass in _eClass_.ePackage.nsURI = 'Academia' and _eClass_.name = 'AParameter') and (let _containmentMF_:ecore::EStructuralFeature = modelFacet.containmentMetaFeature.ecoreFeature in (let _eClass_:ecore::EClass = _containmentMF_.eContainingClass in _eClass_.ePackage.nsURI = 'Academia' and _eClass_.name = 'AOperation') and _containmentMF_.name = 'aParameters')"/>
  <childNodeTraces visualID="3013" queryText="(let _eClass_:ecore::EClass = modelFacet.metaClass.ecoreClass in _eClass_.ePackage.nsURI = 'Academia' and _eClass_.name = 'AAttribute') and (let _containmentMF_:ecore::EStructuralFeature = modelFacet.containmentMetaFeature.ecoreFeature in (let _eClass_:ecore::EClass = _containmentMF_.eContainingClass in _eClass_.ePackage.nsURI = 'Academia' and _eClass_.name = 'AObject') and _containmentMF_.name = 'aAttributes')"/>
  <childNodeTraces visualID="3014" queryText="(let _eClass_:ecore::EClass = modelFacet.metaClass.ecoreClass in _eClass_.ePackage.nsURI = 'Academia' and _eClass_.name = 'AOperation') and (let _containmentMF_:ecore::EStructuralFeature = modelFacet.containmentMetaFeature.ecoreFeature in (let _eClass_:ecore::EClass = _containmentMF_.eContainingClass in _eClass_.ePackage.nsURI = 'Academia' and _eClass_.name = 'AObject') and _containmentMF_.name = 'aOperations')">
    <nodeLabelTraces visualID="5022" queryText="true"/>
    <nodeLabelTraces visualID="5023" queryText="true"/>
    <nodeLabelTraces visualID="5024" queryText="true"/>
  </childNodeTraces>
  <childNodeTraces visualID="3015" queryText="(let _eClass_:ecore::EClass = modelFacet.metaClass.ecoreClass in _eClass_.ePackage.nsURI = 'Academia' and _eClass_.name = 'AParameter') and (let _containmentMF_:ecore::EStructuralFeature = modelFacet.containmentMetaFeature.ecoreFeature in (let _eClass_:ecore::EClass = _containmentMF_.eContainingClass in _eClass_.ePackage.nsURI = 'Academia' and _eClass_.name = 'AOperation') and _containmentMF_.name = 'aParameters')"/>
  <childNodeTraces visualID="3016" queryText="(let _eClass_:ecore::EClass = modelFacet.metaClass.ecoreClass in _eClass_.ePackage.nsURI = 'Academia' and _eClass_.name = 'AAttribute') and (let _containmentMF_:ecore::EStructuralFeature = modelFacet.containmentMetaFeature.ecoreFeature in (let _eClass_:ecore::EClass = _containmentMF_.eContainingClass in _eClass_.ePackage.nsURI = 'Academia' and _eClass_.name = 'AObject') and _containmentMF_.name = 'aAttributes')"/>
  <childNodeTraces visualID="3017" queryText="(let _eClass_:ecore::EClass = modelFacet.metaClass.ecoreClass in _eClass_.ePackage.nsURI = 'Academia' and _eClass_.name = 'AOperation') and (let _containmentMF_:ecore::EStructuralFeature = modelFacet.containmentMetaFeature.ecoreFeature in (let _eClass_:ecore::EClass = _containmentMF_.eContainingClass in _eClass_.ePackage.nsURI = 'Academia' and _eClass_.name = 'AObject') and _containmentMF_.name = 'aOperations')">
    <nodeLabelTraces visualID="5027" queryText="true"/>
    <nodeLabelTraces visualID="5028" queryText="true"/>
    <nodeLabelTraces visualID="5029" queryText="true"/>
  </childNodeTraces>
  <childNodeTraces visualID="3018" queryText="(let _eClass_:ecore::EClass = modelFacet.metaClass.ecoreClass in _eClass_.ePackage.nsURI = 'Academia' and _eClass_.name = 'AParameter') and (let _containmentMF_:ecore::EStructuralFeature = modelFacet.containmentMetaFeature.ecoreFeature in (let _eClass_:ecore::EClass = _containmentMF_.eContainingClass in _eClass_.ePackage.nsURI = 'Academia' and _eClass_.name = 'AOperation') and _containmentMF_.name = 'aParameters')"/>
  <childNodeTraces visualID="3019" queryText="(let _eClass_:ecore::EClass = modelFacet.metaClass.ecoreClass in _eClass_.ePackage.nsURI = 'Academia' and _eClass_.name = 'AAttribute') and (let _containmentMF_:ecore::EStructuralFeature = modelFacet.containmentMetaFeature.ecoreFeature in (let _eClass_:ecore::EClass = _containmentMF_.eContainingClass in _eClass_.ePackage.nsURI = 'Academia' and _eClass_.name = 'AObject') and _containmentMF_.name = 'aAttributes')"/>
  <childNodeTraces visualID="3020" queryText="(let _eClass_:ecore::EClass = modelFacet.metaClass.ecoreClass in _eClass_.ePackage.nsURI = 'Academia' and _eClass_.name = 'AOperation') and (let _containmentMF_:ecore::EStructuralFeature = modelFacet.containmentMetaFeature.ecoreFeature in (let _eClass_:ecore::EClass = _containmentMF_.eContainingClass in _eClass_.ePackage.nsURI = 'Academia' and _eClass_.name = 'AObject') and _containmentMF_.name = 'aOperations')">
    <nodeLabelTraces visualID="5032" queryText="true"/>
    <nodeLabelTraces visualID="5033" queryText="true"/>
    <nodeLabelTraces visualID="5034" queryText="true"/>
  </childNodeTraces>
  <childNodeTraces visualID="3021" queryText="(let _eClass_:ecore::EClass = modelFacet.metaClass.ecoreClass in _eClass_.ePackage.nsURI = 'Academia' and _eClass_.name = 'AParameter') and (let _containmentMF_:ecore::EStructuralFeature = modelFacet.containmentMetaFeature.ecoreFeature in (let _eClass_:ecore::EClass = _containmentMF_.eContainingClass in _eClass_.ePackage.nsURI = 'Academia' and _eClass_.name = 'AOperation') and _containmentMF_.name = 'aParameters')"/>
  <childNodeTraces visualID="3022" queryText="(let _eClass_:ecore::EClass = modelFacet.metaClass.ecoreClass in _eClass_.ePackage.nsURI = 'Academia' and _eClass_.name = 'AAttribute') and (let _containmentMF_:ecore::EStructuralFeature = modelFacet.containmentMetaFeature.ecoreFeature in (let _eClass_:ecore::EClass = _containmentMF_.eContainingClass in _eClass_.ePackage.nsURI = 'Academia' and _eClass_.name = 'AObject') and _containmentMF_.name = 'aAttributes')"/>
  <childNodeTraces visualID="3023" queryText="(let _eClass_:ecore::EClass = modelFacet.metaClass.ecoreClass in _eClass_.ePackage.nsURI = 'Academia' and _eClass_.name = 'AOperation') and (let _containmentMF_:ecore::EStructuralFeature = modelFacet.containmentMetaFeature.ecoreFeature in (let _eClass_:ecore::EClass = _containmentMF_.eContainingClass in _eClass_.ePackage.nsURI = 'Academia' and _eClass_.name = 'AObject') and _containmentMF_.name = 'aOperations')">
    <nodeLabelTraces visualID="5037" queryText="true"/>
    <nodeLabelTraces visualID="5038" queryText="true"/>
    <nodeLabelTraces visualID="5039" queryText="true"/>
  </childNodeTraces>
  <childNodeTraces visualID="3024" queryText="(let _eClass_:ecore::EClass = modelFacet.metaClass.ecoreClass in _eClass_.ePackage.nsURI = 'Academia' and _eClass_.name = 'AParameter') and (let _containmentMF_:ecore::EStructuralFeature = modelFacet.containmentMetaFeature.ecoreFeature in (let _eClass_:ecore::EClass = _containmentMF_.eContainingClass in _eClass_.ePackage.nsURI = 'Academia' and _eClass_.name = 'AOperation') and _containmentMF_.name = 'aParameters')"/>
  <linkTraces visualID="4001" queryText="modelFacet.oclIsKindOf(gmfgen::FeatureLinkModelFacet) and (let _feature_:ecore::EStructuralFeature = modelFacet.oclAsType(gmfgen::FeatureLinkModelFacet).metaFeature.ecoreFeature in (let _eClass_:ecore::EClass = _feature_.eContainingClass in _eClass_.ePackage.nsURI = 'Academia' and _eClass_.name = 'AClassifier') and _feature_.name = 'aChilds')"/>
</trace:TraceModel>
